::1 - - [16/Feb/2021:12:05:47 +0000] "GET / HTTP/1.1" 200 3331 "http://localhost:800/users/sign_in" "Mozilla/5.0 (Windows NT 10.0; Win64; x64) AppleWebKit/537.36 (KHTML, like Gecko) Chrome/88.0.4324.150 Safari/537.36"
::1 - - [16/Feb/2021:12:06:14 +0000] "GET /users/profile/602badfce66bc633ac041d1f HTTP/1.1" 304 - "http://localhost:800/" "Mozilla/5.0 (Windows NT 10.0; Win64; x64) AppleWebKit/537.36 (KHTML, like Gecko) Chrome/88.0.4324.150 Safari/537.36"
[0mGET / [32m200[0m 245.053 ms - 11807[0m
[0mGET /favicon.ico [33m404[0m 60.218 ms - 150[0m
[0mGET / [36m304[0m 56.396 ms - -[0m
[0mGET / [31m500[0m 64.681 ms - 148[0m
[0mGET / [31m500[0m 69.025 ms - 148[0m
[0mGET / [32m200[0m 47.231 ms - 11883[0m
[0mGET / [36m304[0m 97.238 ms - -[0m
[0mGET / [36m304[0m 48.131 ms - -[0m
[0mGET / [36m304[0m 39.790 ms - -[0m
[0mGET / [36m304[0m 38.297 ms - -[0m
[0mGET / [36m304[0m 45.108 ms - -[0m
[0mGET /users/sign_in [32m200[0m 7.443 ms - 1912[0m
[0mGET /users/css/layout.css [33m404[0m 7.652 ms - 159[0m
[0mGET /users/sign_up [32m200[0m 5.710 ms - 2075[0m
[0mGET /users/css/layout.css [33m404[0m 5.359 ms - 159[0m
[0mGET /users/sign_up [36m304[0m 4.011 ms - -[0m
[0mGET /users/css/layout.css [33m404[0m 3.067 ms - 159[0m
[0mGET /users/sign_up [36m304[0m 3.272 ms - -[0m
[0mGET /users/css/layout.css [33m404[0m 3.570 ms - 159[0m
[0mGET /users/sign_up [36m304[0m 2.009 ms - -[0m
[0mGET /users/css/layout.css [33m404[0m 1.776 ms - 159[0m
[0mGET /users/sign_up [36m304[0m 4.069 ms - -[0m
[0mGET /users/css/layout.css [33m404[0m 4.108 ms - 159[0m
[0mGET /users/sign_up [36m304[0m 4.868 ms - -[0m
[0mGET /users/css/layout.css [33m404[0m 3.710 ms - 159[0m
[0mGET /users/sign_up [36m304[0m 3.172 ms - -[0m
[0mGET /users/css/layout.css [33m404[0m 4.647 ms - 159[0m
[0mGET /users/sign_up [36m304[0m 3.156 ms - -[0m
[0mGET /users/css/layout.css [33m404[0m 4.429 ms - 159[0m
[0mGET /users/sign_up [36m304[0m 4.927 ms - -[0m
[0mGET /users/css/layout.css [33m404[0m 4.356 ms - 159[0m
[0mGET / [36m304[0m 36.245 ms - -[0m
[0mGET /users/sign_in [36m304[0m 3.795 ms - -[0m
[0mGET /users/css/layout.css [33m404[0m 4.103 ms - 159[0m
[0mGET /users/sign_in [36m304[0m 3.320 ms - -[0m
[0mGET /users/css/layout.css [33m404[0m 4.829 ms - 159[0m
[0mGET /users/sign_in [36m304[0m 3.142 ms - -[0m
[0mGET /users/css/layout.css [33m404[0m 5.397 ms - 159[0m
[0mGET /users/sign_in [36m304[0m 3.136 ms - -[0m
[0mGET /users/css/layout.css [33m404[0m 3.756 ms - 159[0m
[0mGET /users/sign_in [36m304[0m 4.165 ms - -[0m
[0mGET /users/css/layout.css [33m404[0m 3.945 ms - 159[0m
[0mGET /users/sign_in [36m304[0m 3.300 ms - -[0m
[0mGET /users/css/layout.css [33m404[0m 3.894 ms - 159[0m
[0mGET /users/sign_in [36m304[0m 2.976 ms - -[0m
[0mGET /users/css/layout.css [33m404[0m 3.831 ms - 159[0m
[0mGET /users/sign_in [36m304[0m 2.911 ms - -[0m
[0mGET /users/css/layout.css [33m404[0m 4.208 ms - 159[0m
[0mGET / [32m200[0m 66.796 ms - 11889[0m
[0mGET /users/sign_up [32m200[0m 7.765 ms - 2081[0m
[0mGET /users/sign_in [32m200[0m 5.237 ms - 1918[0m
[0mGET /users/sign_in [32m200[0m 7.448 ms - 1918[0m
[0mGET /users/css/layout.css [33m404[0m 7.134 ms - 159[0m
[0mGET / [32m200[0m 56.570 ms - 11889[0m
[0mGET /users/sign_in [36m304[0m 6.648 ms - -[0m
[0mGET /users/css/layout.css [33m404[0m 2.848 ms - 159[0m
[0mGET /users/sign_up [32m200[0m 7.456 ms - 2081[0m
[0mGET /users/css/layout.css [33m404[0m 4.379 ms - 159[0m
[0mGET /users/sign_up [36m304[0m 5.411 ms - -[0m
[0mGET /users/css/layout.css [33m404[0m 3.362 ms - 159[0m
[0mGET /users/sign_up [36m304[0m 4.023 ms - -[0m
[0mGET /users/css/layout.css [33m404[0m 3.256 ms - 159[0m
[0mGET /users/sign_up [36m304[0m 4.317 ms - -[0m
[0mGET /users/css/layout.css [33m404[0m 2.661 ms - 159[0m
[0mGET /users/sign_up [36m304[0m 8.063 ms - -[0m
[0mGET /users/css/layout.css [33m404[0m 4.244 ms - 159[0m
[0mGET /users/sign_up [36m304[0m 6.607 ms - -[0m
[0mGET /users/css/layout.css [33m404[0m 4.313 ms - 159[0m
[0mGET / [32m200[0m 48.425 ms - 11960[0m
[0mGET /users/sign_in [36m304[0m 4.370 ms - -[0m
[0mGET /users/css/layout.css [33m404[0m 3.587 ms - 159[0m
[0mGET /users/sign_in [32m200[0m 5.904 ms - 1918[0m
[0mGET / [32m200[0m 38.197 ms - 11960[0m
[0mGET /users/sign_in [36m304[0m 7.345 ms - -[0m
[0mGET /users/sign_in [36m304[0m 5.983 ms - -[0m
[0mGET / [31m500[0m 65.121 ms - 1747[0m
[0mGET / [31m500[0m 41.016 ms - 1747[0m
[0mGET / [32m200[0m 65.832 ms - 11960[0m
[0mGET /users/sign_in [36m304[0m 9.962 ms - -[0m
[0mGET /users/sign_up [32m200[0m 4.620 ms - 2081[0m
[0mGET /users/sign_up [32m200[0m 9.968 ms - 2011[0m
[0mGET /users/sign_up [32m200[0m 6.746 ms - 2081[0m
[0mGET /users/css/layout.css [33m404[0m 8.290 ms - 159[0m
[0mGET / [31m500[0m 55.179 ms - 2079[0m
[0mGET / [32m200[0m 43.939 ms - 11960[0m
[0mGET /favicon.ico [33m404[0m 1.889 ms - 150[0m
[0mGET / [32m200[0m 113.953 ms - 11975[0m
[0mGET /favicon.ico [33m404[0m 10.019 ms - 150[0m
[0mGET /users/sign_in [32m200[0m 18.943 ms - 1933[0m
[0mGET /users/css/layout.css [33m404[0m 5.417 ms - 159[0m
[0mGET /users/sign_up [32m200[0m 12.142 ms - 2096[0m
[0mGET /users/css/layout.css [33m404[0m 3.615 ms - 159[0m
[0mGET /users/sign_in [36m304[0m 12.836 ms - -[0m
[0mGET /users/css/layout.css [33m404[0m 2.990 ms - 159[0m
[0mGET /users/auth/google [36m302[0m 9.257 ms - 0[0m
[0mGET /users/auth/google/callback?code=4%2F0AY0e-g49QZeMh7vElxZLa1-gRU4TnMHTd03wDWoObeuJPdsBPbGJJl3SQK8oc5lWvw0-Hw&scope=email+profile+https%3A%2F%2Fwww.googleapis.com%2Fauth%2Fuserinfo.profile+https%3A%2F%2Fwww.googleapis.com%2Fauth%2Fuserinfo.email+openid&authuser=1&prompt=consent [36m302[0m 1169.145 ms - 46[0m
[0mGET / [32m200[0m 113.840 ms - 15299[0m
[0mGET /users/sign_out [36m302[0m 8.331 ms - 46[0m
[0mGET / [32m200[0m 39.876 ms - 12203[0m
[0mGET /users/sign_in [32m200[0m 9.052 ms - 1918[0m
[0mGET /users/css/layout.css [33m404[0m 4.370 ms - 159[0m
[0mGET /users/sign_up [32m200[0m 5.522 ms - 2081[0m
[0mGET /users/css/layout.css [33m404[0m 3.703 ms - 159[0m
